Determining if the pthread_create exist failed with the following output:
Change Dir: /home/uga/smithcg/Desktop/CurveSurfing/build-curve_surfing-Desktop-Default/CMakeFiles/CMakeTmp

Run Build Command:"/usr/bin/gmake" "cmTC_0e01e/fast"
/usr/bin/gmake -f CMakeFiles/cmTC_0e01e.dir/build.make CMakeFiles/cmTC_0e01e.dir/build
gmake[1]: Entering directory '/home/uga/smithcg/Desktop/CurveSurfing/build-curve_surfing-Desktop-Default/CMakeFiles/CMakeTmp'
Building C object CMakeFiles/cmTC_0e01e.dir/CheckSymbolExists.c.o
/usr/lib64/ccache/gcc    -o CMakeFiles/cmTC_0e01e.dir/CheckSymbolExists.c.o   -c /home/uga/smithcg/Desktop/CurveSurfing/build-curve_surfing-Desktop-Default/CMakeFiles/CMakeTmp/CheckSymbolExists.c
Linking C executable cmTC_0e01e
/usr/bin/cmake -E cmake_link_script CMakeFiles/cmTC_0e01e.dir/link.txt --verbose=1
/usr/lib64/ccache/gcc      -rdynamic CMakeFiles/cmTC_0e01e.dir/CheckSymbolExists.c.o  -o cmTC_0e01e 
CMakeFiles/cmTC_0e01e.dir/CheckSymbolExists.c.o: In function `main':
CheckSymbolExists.c:(.text+0x16): undefined reference to `pthread_create'
collect2: error: ld returned 1 exit status
gmake[1]: *** [CMakeFiles/cmTC_0e01e.dir/build.make:87: cmTC_0e01e] Error 1
gmake[1]: Leaving directory '/home/uga/smithcg/Desktop/CurveSurfing/build-curve_surfing-Desktop-Default/CMakeFiles/CMakeTmp'
gmake: *** [Makefile:126: cmTC_0e01e/fast] Error 2

File /home/uga/smithcg/Desktop/CurveSurfing/build-curve_surfing-Desktop-Default/CMakeFiles/CMakeTmp/CheckSymbolExists.c:
/* */
#include <pthread.h>

int main(int argc, char** argv)
{
  (void)argv;
#ifndef pthread_create
  return ((int*)(&pthread_create))[argc];
#else
  (void)argc;
  return 0;
#endif
}

Determining if the function pthread_create exists in the pthreads failed with the following output:
Change Dir: /home/uga/smithcg/Desktop/CurveSurfing/build-curve_surfing-Desktop-Default/CMakeFiles/CMakeTmp

Run Build Command:"/usr/bin/gmake" "cmTC_d45e1/fast"
/usr/bin/gmake -f CMakeFiles/cmTC_d45e1.dir/build.make CMakeFiles/cmTC_d45e1.dir/build
gmake[1]: Entering directory '/home/uga/smithcg/Desktop/CurveSurfing/build-curve_surfing-Desktop-Default/CMakeFiles/CMakeTmp'
Building C object CMakeFiles/cmTC_d45e1.dir/CheckFunctionExists.c.o
/usr/lib64/ccache/gcc   -DCHECK_FUNCTION_EXISTS=pthread_create   -o CMakeFiles/cmTC_d45e1.dir/CheckFunctionExists.c.o   -c /usr/share/cmake/Modules/CheckFunctionExists.c
Linking C executable cmTC_d45e1
/usr/bin/cmake -E cmake_link_script CMakeFiles/cmTC_d45e1.dir/link.txt --verbose=1
/usr/lib64/ccache/gcc  -DCHECK_FUNCTION_EXISTS=pthread_create    -rdynamic CMakeFiles/cmTC_d45e1.dir/CheckFunctionExists.c.o  -o cmTC_d45e1 -lpthreads 
/usr/bin/ld: cannot find -lpthreads
collect2: error: ld returned 1 exit status
gmake[1]: *** [CMakeFiles/cmTC_d45e1.dir/build.make:87: cmTC_d45e1] Error 1
gmake[1]: Leaving directory '/home/uga/smithcg/Desktop/CurveSurfing/build-curve_surfing-Desktop-Default/CMakeFiles/CMakeTmp'
gmake: *** [Makefile:126: cmTC_d45e1/fast] Error 2


